#
# There is insufficient memory for the Java Runtime Environment to continue.
# Native memory allocation (mmap) failed to map 132120576 bytes for Failed to commit area from 0x0000000082000000 to 0x0000000089e00000 of length 132120576.
# Possible reasons:
#   The system is out of physical RAM or swap space
#   The process is running with CompressedOops enabled, and the Java Heap may be blocking the growth of the native heap
# Possible solutions:
#   Reduce memory load on the system
#   Increase physical memory or swap space
#   Check if swap backing store is full
#   Decrease Java heap size (-Xmx/-Xms)
#   Decrease number of Java threads
#   Decrease Java thread stack sizes (-Xss)
#   Set larger code cache with -XX:ReservedCodeCacheSize=
# This output file may be truncated or incomplete.
#
#  Out of Memory Error (t:/workspace/open/src/hotspot/os/windows/os_windows.cpp:3264), pid=12320, tid=23336
#
# JRE version:  (12.0.2+10) (build )
# Java VM: Java HotSpot(TM) 64-Bit Server VM (12.0.2+10, mixed mode, aot, sharing, tiered, compressed oops, g1 gc, windows-amd64)
# No core dump will be written. Minidumps are not enabled by default on client versions of Windows
#

---------------  S U M M A R Y ------------

Command Line: -Dfile.encoding=UTF-8 pdsacw.okayAllLevels

Host: Intel(R) Core(TM) i3-7100U CPU @ 2.40GHz, 4 cores, 7G,  Windows 10 , 64 bit Build 22000 (10.0.22000.2538)
Time: Fri Aug  2 15:00:14 2024 Sri Lanka Standard Time elapsed time: 0 seconds (0d 0h 0m 0s)

---------------  T H R E A D  ---------------

Current thread (0x00000195e5db4000):  JavaThread "Unknown thread" [_thread_in_vm, id=23336, stack(0x0000003872100000,0x0000003872200000)]

Stack: [0x0000003872100000,0x0000003872200000]
Native frames: (J=compiled Java code, j=interpreted, Vv=VM code, C=native code)
V  [jvm.dll+0x63aa2a]
V  [jvm.dll+0x78ce1e]
V  [jvm.dll+0x78e4c1]
V  [jvm.dll+0x78eb13]
V  [jvm.dll+0x2627e8]
V  [jvm.dll+0x637f5a]
V  [jvm.dll+0x62c845]
V  [jvm.dll+0x31e49c]
V  [jvm.dll+0x31e2cf]
V  [jvm.dll+0x324006]
V  [jvm.dll+0x371f56]
V  [jvm.dll+0x371720]
V  [jvm.dll+0x2f845a]
V  [jvm.dll+0x2f96d2]
V  [jvm.dll+0x767267]
V  [jvm.dll+0x7689f5]
V  [jvm.dll+0x380059]
V  [jvm.dll+0x74b794]
V  [jvm.dll+0x3ef5cd]
V  [jvm.dll+0x3f1471]
C  [jli.dll+0x51cf]
C  [ucrtbase.dll+0x26c0c]
C  [KERNEL32.DLL+0x153e0]
C  [ntdll.dll+0x485b]


---------------  P R O C E S S  ---------------

Threads class SMR info:
_java_thread_list=0x00007ff9f07b7928, length=0, elements={
}

Java Threads: ( => current thread )

Other Threads:
  0x00000195e5df4000 GCTaskThread "GC Thread#0" [stack: 0x0000003872200000,0x0000003872300000] [id=13108]
  0x00000195e5e02800 ConcurrentGCThread "G1 Main Marker" [stack: 0x0000003872300000,0x0000003872400000] [id=12748]
  0x00000195e5e04000 ConcurrentGCThread "G1 Conc#0" [stack: 0x0000003872400000,0x0000003872500000] [id=8068]

[error occurred during error reporting (printing all threads), id 0xc0000005, EXCEPTION_ACCESS_VIOLATION (0xc0000005) at pc=0x00007ff9effe85e7]

VM state:not at safepoint (not fully initialized)

VM Mutex/Monitor currently owned by a thread:  ([mutex/lock_event])
[0x00000195e5db05a0] Heap_lock - owner thread: 0x00000195e5db4000

Heap address: 0x0000000082000000, size: 2016 MB, Compressed Oops mode: Non-zero based: 0x0000000082000000
Narrow klass base: 0x0000000000000000, Narrow klass shift: 0

GC Heap History (0 events):
No events

Deoptimization events (0 events):
No events

Classes redefined (0 events):
No events

Internal exceptions (0 events):
No events

Events (0 events):
No events


Dynamic libraries:
0x00007ff7cd2f0000 - 0x00007ff7cd2ff000 	C:\Program Files\Java\jdk-12.0.2\bin\java.exe
0x00007ffa4e720000 - 0x00007ffa4e929000 	C:\WINDOWS\SYSTEM32\ntdll.dll
0x00007ffa4dbe0000 - 0x00007ffa4dc9d000 	C:\WINDOWS\System32\KERNEL32.DLL
0x00007ffa4bcd0000 - 0x00007ffa4c054000 	C:\WINDOWS\System32\KERNELBASE.dll
0x00007ffa4c450000 - 0x00007ffa4c561000 	C:\WINDOWS\System32\ucrtbase.dll
0x00007ffa1a520000 - 0x00007ffa1a536000 	C:\Program Files\Java\jdk-12.0.2\bin\VCRUNTIME140.dll
0x00007ffa466c0000 - 0x00007ffa466d8000 	C:\Program Files\Java\jdk-12.0.2\bin\jli.dll
0x00007ffa4cb20000 - 0x00007ffa4cbce000 	C:\WINDOWS\System32\ADVAPI32.dll
0x00007ffa4e580000 - 0x00007ffa4e623000 	C:\WINDOWS\System32\msvcrt.dll
0x00007ffa4e470000 - 0x00007ffa4e50e000 	C:\WINDOWS\System32\sechost.dll
0x00007ffa4c590000 - 0x00007ffa4c6b1000 	C:\WINDOWS\System32\RPCRT4.dll
0x00007ffa4c8c0000 - 0x00007ffa4ca6d000 	C:\WINDOWS\System32\USER32.dll
0x00007ffa4c420000 - 0x00007ffa4c446000 	C:\WINDOWS\System32\win32u.dll
0x00007ffa4c6d0000 - 0x00007ffa4c6fa000 	C:\WINDOWS\System32\GDI32.dll
0x00007ffa4c240000 - 0x00007ffa4c35e000 	C:\WINDOWS\System32\gdi32full.dll
0x00007ffa4bbb0000 - 0x00007ffa4bc4d000 	C:\WINDOWS\System32\msvcp_win.dll
0x00007ffa36f40000 - 0x00007ffa371e5000 	C:\WINDOWS\WinSxS\amd64_microsoft.windows.common-controls_6595b64144ccf1df_6.0.22000.120_none_9d947278b86cc467\COMCTL32.dll
0x00007ffa44340000 - 0x00007ffa4434a000 	C:\WINDOWS\SYSTEM32\VERSION.dll
0x00007ffa4cc60000 - 0x00007ffa4cc91000 	C:\WINDOWS\System32\IMM32.DLL
0x00007ff9f3170000 - 0x00007ff9f321a000 	C:\Program Files\Java\jdk-12.0.2\bin\msvcp140.dll
0x00007ff9efce0000 - 0x00007ff9f0857000 	C:\Program Files\Java\jdk-12.0.2\bin\server\jvm.dll
0x00007ffa4cc50000 - 0x00007ffa4cc58000 	C:\WINDOWS\System32\PSAPI.DLL
0x00007ffa35160000 - 0x00007ffa35169000 	C:\WINDOWS\SYSTEM32\WSOCK32.dll
0x00007ffa4e510000 - 0x00007ffa4e57f000 	C:\WINDOWS\System32\WS2_32.dll
0x00007ffa462a0000 - 0x00007ffa462d3000 	C:\WINDOWS\SYSTEM32\WINMM.dll
0x00007ffa4ac20000 - 0x00007ffa4ac38000 	C:\WINDOWS\SYSTEM32\kernel.appcore.dll
0x00007ffa19a60000 - 0x00007ffa19a71000 	C:\Program Files\Java\jdk-12.0.2\bin\verify.dll
0x00007ffa444e0000 - 0x00007ffa44701000 	C:\WINDOWS\SYSTEM32\DBGHELP.DLL
0x00007ffa31da0000 - 0x00007ffa31dd1000 	C:\WINDOWS\SYSTEM32\dbgcore.DLL
0x00007ffa4bc50000 - 0x00007ffa4bccf000 	C:\WINDOWS\System32\bcryptPrimitives.dll
0x00007ffa1a2d0000 - 0x00007ffa1a2f6000 	C:\Program Files\Java\jdk-12.0.2\bin\java.dll
0x00007ffa15b70000 - 0x00007ffa15b87000 	C:\Program Files\Java\jdk-12.0.2\bin\zip.dll
0x00007ffa38150000 - 0x00007ffa3815a000 	C:\Program Files\Java\jdk-12.0.2\bin\jimage.dll

dbghelp: loaded successfully - version: 4.0.5 - missing functions: none
symbol engine: initialized successfully - sym options: 0x614 - pdb path: .;C:\Program Files\Java\jdk-12.0.2\bin;C:\WINDOWS\SYSTEM32;C:\WINDOWS\WinSxS\amd64_microsoft.windows.common-controls_6595b64144ccf1df_6.0.22000.120_none_9d947278b86cc467;C:\Program Files\Java\jdk-12.0.2\bin\server

VM Arguments:
jvm_args: -Dfile.encoding=UTF-8 
java_command: pdsacw.okayAllLevels
java_class_path (initial): D:\Today\T\PDSACW\build\classes
Launcher Type: SUN_STANDARD

[Global flags]
     intx CICompilerCount                          = 3                                         {product} {ergonomic}
     uint ConcGCThreads                            = 1                                         {product} {ergonomic}
     uint G1ConcRefinementThreads                  = 4                                         {product} {ergonomic}
   size_t G1HeapRegionSize                         = 1048576                                   {product} {ergonomic}
    uintx GCDrainStackTargetSize                   = 64                                        {product} {ergonomic}
   size_t InitialHeapSize                          = 132120576                                 {product} {ergonomic}
   size_t MarkStackSize                            = 4194304                                   {product} {ergonomic}
   size_t MaxHeapSize                              = 2113929216                                {product} {ergonomic}
   size_t MinHeapDeltaBytes                        = 1048576                                   {product} {ergonomic}
    uintx NonNMethodCodeHeapSize                   = 5830732                                {pd product} {ergonomic}
    uintx NonProfiledCodeHeapSize                  = 122913754                              {pd product} {ergonomic}
    uintx ProfiledCodeHeapSize                     = 122913754                              {pd product} {ergonomic}
    uintx ReservedCodeCacheSize                    = 251658240                              {pd product} {ergonomic}
     bool SegmentedCodeCache                       = true                                      {product} {ergonomic}
     bool UseCompressedClassPointers               = true                                 {lp64_product} {ergonomic}
     bool UseCompressedOops                        = true                                 {lp64_product} {ergonomic}
     bool UseG1GC                                  = true                                      {product} {ergonomic}
     bool UseLargePagesIndividualAllocation        = false                                  {pd product} {ergonomic}

Logging:
Log output configuration:
 #0: stdout all=warning uptime,level,tags
 #1: stderr all=off uptime,level,tags

Environment Variables:
PATH=C:\Program Files\Common Files\Oracle\Java\javapath;C:\WINDOWS\system32;C:\WINDOWS;C:\WINDOWS\System32\Wbem;C:\WINDOWS\System32\WindowsPowerShell\v1.0\;C:\WINDOWS\System32\OpenSSH\;C:\Program Files\Git\cmd;C:\Program Files\Azure Data Studio\bin;C:\Program Files\dotnet\;C:\Program Files (x86)\Microsoft SQL Server\160\DTS\Binn\;C:\Program Files (x86)\Microsoft SQL Server\160\Tools\Binn\;C:\Program Files\Microsoft SQL Server\160\Tools\Binn\;C:\Program Files\Microsoft SQL Server\Client SDK\ODBC\170\Tools\Binn\;C:\Program Files\Microsoft SQL Server\160\DTS\Binn\;C:\EAD2 Instalations\apache-maven-3.8.8\bin;C:\Program Files\MySQL\MySQL Server 8.0\bin;C:\EAD2 Instalations\apache-tomcat-9.0.91\bin;C:\Program Files\MySQL\MySQL Shell 8.0\bin\;C:\Users\SKNIP\AppData\Local\Microsoft\WindowsApps;;C:\Program Files\Azure Data Studio\bin;C:\Users\SKNIP\.dotnet\tools;C:\Users\SKNIP\AppData\Local\Programs\Microsoft VS Code\bin
USERNAME=SKNIP
OS=Windows_NT
PROCESSOR_IDENTIFIER=Intel64 Family 6 Model 142 Stepping 9, GenuineIntel



---------------  S Y S T E M  ---------------

OS: Windows 10 , 64 bit Build 22000 (10.0.22000.2538)

CPU:total 4 (initial active 4) (2 cores per cpu, 2 threads per core) family 6 model 142 stepping 9, cmov, cx8, fxsr, mmx, sse, sse2, sse3, ssse3, sse4.1, sse4.2, popcnt, avx, avx2, aes, clmul, erms, 3dnowpref, lzcnt, ht, tsc, tscinvbit, bmi1, bmi2, adx, fma

Memory: 4k page, system-wide physical 8057M (1513M free)
TotalPageFile size 23224M (AvailPageFile size 172M)
current process WorkingSet (physical memory assigned to process): 10M, peak: 10M
current process commit charge ("private bytes"): 51M, peak: 177M

vm_info: Java HotSpot(TM) 64-Bit Server VM (12.0.2+10) for windows-amd64 JRE (12.0.2+10), built on Jul 16 2019 01:56:17 by "mach5one" with MS VC++ 15.5 (VS2017)

END.
